----------------------------------------------------------------
Wed Jul 26 20:40:44 IST 2017:
Booting Derby version The Apache Software Foundation - Apache Derby - 10.11.1.3 - (1802882): instance a816c00e-015d-7f73-3a62-000006d6fcf0 
on database directory memory:G:\CO328 - Open Source project\10.11\lib\db with class loader sun.misc.Launcher$AppClassLoader@610455d6 
Loaded from file:/G:/CO328%20-%20Open%20Source%20project/10.11/lib/derby.jar
java.vendor=Oracle Corporation
java.runtime.version=1.8.0_25-b18
user.dir=G:\CO328 - Open Source project\10.11\lib
os.name=Windows 8.1
os.arch=amd64
os.version=6.3
derby.system.home=null
Database Class Loader started - derby.database.classpath=''
Wed Jul 26 20:40:46 IST 2017 Thread[main,5,main] (XID = 171), (SESSIONID = 1), (DATABASE = memory:db), (DRDAID = null), Cleanup action starting
Wed Jul 26 20:40:46 IST 2017 Thread[main,5,main] (XID = 171), (SESSIONID = 1), (DATABASE = memory:db), (DRDAID = null), Failed Statement is: values( toString( mb( 1, 2, 3, 4, 5 ) ) )
ERROR 42X51: The class 'org.apache.derbyTesting.functionTests.tests.lang.MergeStatementTest' does not exist or is inaccessible. This can happen if the class is not public.
	at org.apache.derby.iapi.error.StandardException.newException(StandardException.java:290)
	at org.apache.derby.impl.sql.compile.QueryTreeNode.verifyClassExist(QueryTreeNode.java:1225)
	at org.apache.derby.impl.sql.compile.StaticMethodCallNode.bindExpressionMinion(StaticMethodCallNode.java:384)
	at org.apache.derby.impl.sql.compile.StaticMethodCallNode.bindExpression(StaticMethodCallNode.java:209)
	at org.apache.derby.impl.sql.compile.JavaToSQLValueNode.bindExpression(JavaToSQLValueNode.java:229)
	at org.apache.derby.impl.sql.compile.SQLToJavaValueNode.bindExpression(SQLToJavaValueNode.java:189)
	at org.apache.derby.impl.sql.compile.MethodCallNode.bindParameters(MethodCallNode.java:314)
	at org.apache.derby.impl.sql.compile.StaticMethodCallNode.bindExpressionMinion(StaticMethodCallNode.java:221)
	at org.apache.derby.impl.sql.compile.StaticMethodCallNode.bindExpression(StaticMethodCallNode.java:209)
	at org.apache.derby.impl.sql.compile.JavaToSQLValueNode.bindExpression(JavaToSQLValueNode.java:229)
	at org.apache.derby.impl.sql.compile.ResultColumn.bindExpression(ResultColumn.java:740)
	at org.apache.derby.impl.sql.compile.ResultColumnList.bindExpressions(ResultColumnList.java:824)
	at org.apache.derby.impl.sql.compile.RowResultSetNode.bindExpressions(RowResultSetNode.java:227)
	at org.apache.derby.impl.sql.compile.DMLStatementNode.bindExpressions(DMLStatementNode.java:209)
	at org.apache.derby.impl.sql.compile.DMLStatementNode.bind(DMLStatementNode.java:130)
	at org.apache.derby.impl.sql.compile.CursorNode.bindStatement(CursorNode.java:283)
	at org.apache.derby.impl.sql.GenericStatement.prepMinion(GenericStatement.java:401)
	at org.apache.derby.impl.sql.GenericStatement.prepare(GenericStatement.java:99)
	at org.apache.derby.impl.sql.conn.GenericLanguageConnectionContext.prepareInternalStatement(GenericLanguageConnectionContext.java:1114)
	at org.apache.derby.impl.jdbc.EmbedStatement.execute(EmbedStatement.java:683)
	at org.apache.derby.impl.jdbc.EmbedStatement.execute(EmbedStatement.java:631)
	at org.apache.derby.impl.tools.ij.ij.executeImmediate(ij.java:367)
	at org.apache.derby.impl.tools.ij.utilMain.doCatch(utilMain.java:529)
	at org.apache.derby.impl.tools.ij.utilMain.runScriptGuts(utilMain.java:371)
	at org.apache.derby.impl.tools.ij.utilMain.go(utilMain.java:247)
	at org.apache.derby.impl.tools.ij.Main.go(Main.java:229)
	at org.apache.derby.impl.tools.ij.Main.mainCore(Main.java:184)
	at org.apache.derby.impl.tools.ij.Main.main(Main.java:75)
	at org.apache.derby.tools.ij.main(ij.java:59)
Caused by: java.lang.ClassNotFoundException: org.apache.derbyTesting.functionTests.tests.lang.MergeStatementTest : junit/framework/TestCase
	at org.apache.derby.impl.services.reflect.DatabaseClasses.loadApplicationClass(DatabaseClasses.java:254)
	at org.apache.derby.iapi.services.loader.ClassInspector.getClass(ClassInspector.java:935)
	at org.apache.derby.iapi.services.loader.ClassInspector.accessible(ClassInspector.java:131)
	at org.apache.derby.impl.sql.compile.QueryTreeNode.verifyClassExist(QueryTreeNode.java:1217)
	... 27 more
============= begin nested exception, level (1) ===========
java.lang.ClassNotFoundException: org.apache.derbyTesting.functionTests.tests.lang.MergeStatementTest : junit/framework/TestCase
	at org.apache.derby.impl.services.reflect.DatabaseClasses.loadApplicationClass(DatabaseClasses.java:254)
	at org.apache.derby.iapi.services.loader.ClassInspector.getClass(ClassInspector.java:935)
	at org.apache.derby.iapi.services.loader.ClassInspector.accessible(ClassInspector.java:131)
	at org.apache.derby.impl.sql.compile.QueryTreeNode.verifyClassExist(QueryTreeNode.java:1217)
	at org.apache.derby.impl.sql.compile.StaticMethodCallNode.bindExpressionMinion(StaticMethodCallNode.java:384)
	at org.apache.derby.impl.sql.compile.StaticMethodCallNode.bindExpression(StaticMethodCallNode.java:209)
	at org.apache.derby.impl.sql.compile.JavaToSQLValueNode.bindExpression(JavaToSQLValueNode.java:229)
	at org.apache.derby.impl.sql.compile.SQLToJavaValueNode.bindExpression(SQLToJavaValueNode.java:189)
	at org.apache.derby.impl.sql.compile.MethodCallNode.bindParameters(MethodCallNode.java:314)
	at org.apache.derby.impl.sql.compile.StaticMethodCallNode.bindExpressionMinion(StaticMethodCallNode.java:221)
	at org.apache.derby.impl.sql.compile.StaticMethodCallNode.bindExpression(StaticMethodCallNode.java:209)
	at org.apache.derby.impl.sql.compile.JavaToSQLValueNode.bindExpression(JavaToSQLValueNode.java:229)
	at org.apache.derby.impl.sql.compile.ResultColumn.bindExpression(ResultColumn.java:740)
	at org.apache.derby.impl.sql.compile.ResultColumnList.bindExpressions(ResultColumnList.java:824)
	at org.apache.derby.impl.sql.compile.RowResultSetNode.bindExpressions(RowResultSetNode.java:227)
	at org.apache.derby.impl.sql.compile.DMLStatementNode.bindExpressions(DMLStatementNode.java:209)
	at org.apache.derby.impl.sql.compile.DMLStatementNode.bind(DMLStatementNode.java:130)
	at org.apache.derby.impl.sql.compile.CursorNode.bindStatement(CursorNode.java:283)
	at org.apache.derby.impl.sql.GenericStatement.prepMinion(GenericStatement.java:401)
	at org.apache.derby.impl.sql.GenericStatement.prepare(GenericStatement.java:99)
	at org.apache.derby.impl.sql.conn.GenericLanguageConnectionContext.prepareInternalStatement(GenericLanguageConnectionContext.java:1114)
	at org.apache.derby.impl.jdbc.EmbedStatement.execute(EmbedStatement.java:683)
	at org.apache.derby.impl.jdbc.EmbedStatement.execute(EmbedStatement.java:631)
	at org.apache.derby.impl.tools.ij.ij.executeImmediate(ij.java:367)
	at org.apache.derby.impl.tools.ij.utilMain.doCatch(utilMain.java:529)
	at org.apache.derby.impl.tools.ij.utilMain.runScriptGuts(utilMain.java:371)
	at org.apache.derby.impl.tools.ij.utilMain.go(utilMain.java:247)
	at org.apache.derby.impl.tools.ij.Main.go(Main.java:229)
	at org.apache.derby.impl.tools.ij.Main.mainCore(Main.java:184)
	at org.apache.derby.impl.tools.ij.Main.main(Main.java:75)
	at org.apache.derby.tools.ij.main(ij.java:59)
============= end nested exception, level (1) ===========
Cleanup action completed
Wed Jul 26 20:40:46 IST 2017 Thread[main,5,main] 
ERROR XJ001: Java exception: 'org.apache.derbyTesting.functionTests.tests.lang.MergeStatementTest : junit/framework/TestCase: java.lang.ClassNotFoundException'.
java.sql.SQLException: Java exception: 'org.apache.derbyTesting.functionTests.tests.lang.MergeStatementTest : junit/framework/TestCase: java.lang.ClassNotFoundException'.
	at org.apache.derby.impl.jdbc.SQLExceptionFactory.getSQLException(SQLExceptionFactory.java:107)
	at org.apache.derby.impl.jdbc.SQLExceptionFactory.getSQLException(SQLExceptionFactory.java:133)
	at org.apache.derby.impl.jdbc.Util.seeNextException(Util.java:255)
	at org.apache.derby.impl.jdbc.Util.javaException(Util.java:277)
	at org.apache.derby.impl.jdbc.TransactionResourceImpl.wrapInSQLException(TransactionResourceImpl.java:437)
	at org.apache.derby.impl.jdbc.TransactionResourceImpl.wrapInSQLException(TransactionResourceImpl.java:432)
	at org.apache.derby.impl.jdbc.TransactionResourceImpl.handleException(TransactionResourceImpl.java:353)
	at org.apache.derby.impl.jdbc.EmbedConnection.handleException(EmbedConnection.java:2396)
	at org.apache.derby.impl.jdbc.ConnectionChild.handleException(ConnectionChild.java:82)
	at org.apache.derby.impl.jdbc.EmbedStatement.execute(EmbedStatement.java:691)
	at org.apache.derby.impl.jdbc.EmbedStatement.execute(EmbedStatement.java:631)
	at org.apache.derby.impl.tools.ij.ij.executeImmediate(ij.java:367)
	at org.apache.derby.impl.tools.ij.utilMain.doCatch(utilMain.java:529)
	at org.apache.derby.impl.tools.ij.utilMain.runScriptGuts(utilMain.java:371)
	at org.apache.derby.impl.tools.ij.utilMain.go(utilMain.java:247)
	at org.apache.derby.impl.tools.ij.Main.go(Main.java:229)
	at org.apache.derby.impl.tools.ij.Main.mainCore(Main.java:184)
	at org.apache.derby.impl.tools.ij.Main.main(Main.java:75)
	at org.apache.derby.tools.ij.main(ij.java:59)
Caused by: ERROR XJ001: Java exception: 'org.apache.derbyTesting.functionTests.tests.lang.MergeStatementTest : junit/framework/TestCase: java.lang.ClassNotFoundException'.
	at org.apache.derby.iapi.error.StandardException.newException(StandardException.java:290)
	at org.apache.derby.impl.jdbc.SQLExceptionFactory.wrapArgsForTransportAcrossDRDA(SQLExceptionFactory.java:162)
	at org.apache.derby.impl.jdbc.SQLExceptionFactory.getSQLException(SQLExceptionFactory.java:74)
	... 18 more
Caused by: java.lang.ClassNotFoundException: org.apache.derbyTesting.functionTests.tests.lang.MergeStatementTest : junit/framework/TestCase
	at org.apache.derby.impl.services.reflect.DatabaseClasses.loadApplicationClass(DatabaseClasses.java:254)
	at org.apache.derby.iapi.services.loader.ClassInspector.getClass(ClassInspector.java:935)
	at org.apache.derby.iapi.services.loader.ClassInspector.accessible(ClassInspector.java:131)
	at org.apache.derby.impl.sql.compile.QueryTreeNode.verifyClassExist(QueryTreeNode.java:1217)
	at org.apache.derby.impl.sql.compile.StaticMethodCallNode.bindExpressionMinion(StaticMethodCallNode.java:384)
	at org.apache.derby.impl.sql.compile.StaticMethodCallNode.bindExpression(StaticMethodCallNode.java:209)
	at org.apache.derby.impl.sql.compile.JavaToSQLValueNode.bindExpression(JavaToSQLValueNode.java:229)
	at org.apache.derby.impl.sql.compile.SQLToJavaValueNode.bindExpression(SQLToJavaValueNode.java:189)
	at org.apache.derby.impl.sql.compile.MethodCallNode.bindParameters(MethodCallNode.java:314)
	at org.apache.derby.impl.sql.compile.StaticMethodCallNode.bindExpressionMinion(StaticMethodCallNode.java:221)
	at org.apache.derby.impl.sql.compile.StaticMethodCallNode.bindExpression(StaticMethodCallNode.java:209)
	at org.apache.derby.impl.sql.compile.JavaToSQLValueNode.bindExpression(JavaToSQLValueNode.java:229)
	at org.apache.derby.impl.sql.compile.ResultColumn.bindExpression(ResultColumn.java:740)
	at org.apache.derby.impl.sql.compile.ResultColumnList.bindExpressions(ResultColumnList.java:824)
	at org.apache.derby.impl.sql.compile.RowResultSetNode.bindExpressions(RowResultSetNode.java:227)
	at org.apache.derby.impl.sql.compile.DMLStatementNode.bindExpressions(DMLStatementNode.java:209)
	at org.apache.derby.impl.sql.compile.DMLStatementNode.bind(DMLStatementNode.java:130)
	at org.apache.derby.impl.sql.compile.CursorNode.bindStatement(CursorNode.java:283)
	at org.apache.derby.impl.sql.GenericStatement.prepMinion(GenericStatement.java:401)
	at org.apache.derby.impl.sql.GenericStatement.prepare(GenericStatement.java:99)
	at org.apache.derby.impl.sql.conn.GenericLanguageConnectionContext.prepareInternalStatement(GenericLanguageConnectionContext.java:1114)
	at org.apache.derby.impl.jdbc.EmbedStatement.execute(EmbedStatement.java:683)
	... 9 more
============= begin nested exception, level (1) ===========
ERROR XJ001: Java exception: 'org.apache.derbyTesting.functionTests.tests.lang.MergeStatementTest : junit/framework/TestCase: java.lang.ClassNotFoundException'.
	at org.apache.derby.iapi.error.StandardException.newException(StandardException.java:290)
	at org.apache.derby.impl.jdbc.SQLExceptionFactory.wrapArgsForTransportAcrossDRDA(SQLExceptionFactory.java:162)
	at org.apache.derby.impl.jdbc.SQLExceptionFactory.getSQLException(SQLExceptionFactory.java:74)
	at org.apache.derby.impl.jdbc.SQLExceptionFactory.getSQLException(SQLExceptionFactory.java:133)
	at org.apache.derby.impl.jdbc.Util.seeNextException(Util.java:255)
	at org.apache.derby.impl.jdbc.Util.javaException(Util.java:277)
	at org.apache.derby.impl.jdbc.TransactionResourceImpl.wrapInSQLException(TransactionResourceImpl.java:437)
	at org.apache.derby.impl.jdbc.TransactionResourceImpl.wrapInSQLException(TransactionResourceImpl.java:432)
	at org.apache.derby.impl.jdbc.TransactionResourceImpl.handleException(TransactionResourceImpl.java:353)
	at org.apache.derby.impl.jdbc.EmbedConnection.handleException(EmbedConnection.java:2396)
	at org.apache.derby.impl.jdbc.ConnectionChild.handleException(ConnectionChild.java:82)
	at org.apache.derby.impl.jdbc.EmbedStatement.execute(EmbedStatement.java:691)
	at org.apache.derby.impl.jdbc.EmbedStatement.execute(EmbedStatement.java:631)
	at org.apache.derby.impl.tools.ij.ij.executeImmediate(ij.java:367)
	at org.apache.derby.impl.tools.ij.utilMain.doCatch(utilMain.java:529)
	at org.apache.derby.impl.tools.ij.utilMain.runScriptGuts(utilMain.java:371)
	at org.apache.derby.impl.tools.ij.utilMain.go(utilMain.java:247)
	at org.apache.derby.impl.tools.ij.Main.go(Main.java:229)
	at org.apache.derby.impl.tools.ij.Main.mainCore(Main.java:184)
	at org.apache.derby.impl.tools.ij.Main.main(Main.java:75)
	at org.apache.derby.tools.ij.main(ij.java:59)
Caused by: java.lang.ClassNotFoundException: org.apache.derbyTesting.functionTests.tests.lang.MergeStatementTest : junit/framework/TestCase
	at org.apache.derby.impl.services.reflect.DatabaseClasses.loadApplicationClass(DatabaseClasses.java:254)
	at org.apache.derby.iapi.services.loader.ClassInspector.getClass(ClassInspector.java:935)
	at org.apache.derby.iapi.services.loader.ClassInspector.accessible(ClassInspector.java:131)
	at org.apache.derby.impl.sql.compile.QueryTreeNode.verifyClassExist(QueryTreeNode.java:1217)
	at org.apache.derby.impl.sql.compile.StaticMethodCallNode.bindExpressionMinion(StaticMethodCallNode.java:384)
	at org.apache.derby.impl.sql.compile.StaticMethodCallNode.bindExpression(StaticMethodCallNode.java:209)
	at org.apache.derby.impl.sql.compile.JavaToSQLValueNode.bindExpression(JavaToSQLValueNode.java:229)
	at org.apache.derby.impl.sql.compile.SQLToJavaValueNode.bindExpression(SQLToJavaValueNode.java:189)
	at org.apache.derby.impl.sql.compile.MethodCallNode.bindParameters(MethodCallNode.java:314)
	at org.apache.derby.impl.sql.compile.StaticMethodCallNode.bindExpressionMinion(StaticMethodCallNode.java:221)
	at org.apache.derby.impl.sql.compile.StaticMethodCallNode.bindExpression(StaticMethodCallNode.java:209)
	at org.apache.derby.impl.sql.compile.JavaToSQLValueNode.bindExpression(JavaToSQLValueNode.java:229)
	at org.apache.derby.impl.sql.compile.ResultColumn.bindExpression(ResultColumn.java:740)
	at org.apache.derby.impl.sql.compile.ResultColumnList.bindExpressions(ResultColumnList.java:824)
	at org.apache.derby.impl.sql.compile.RowResultSetNode.bindExpressions(RowResultSetNode.java:227)
	at org.apache.derby.impl.sql.compile.DMLStatementNode.bindExpressions(DMLStatementNode.java:209)
	at org.apache.derby.impl.sql.compile.DMLStatementNode.bind(DMLStatementNode.java:130)
	at org.apache.derby.impl.sql.compile.CursorNode.bindStatement(CursorNode.java:283)
	at org.apache.derby.impl.sql.GenericStatement.prepMinion(GenericStatement.java:401)
	at org.apache.derby.impl.sql.GenericStatement.prepare(GenericStatement.java:99)
	at org.apache.derby.impl.sql.conn.GenericLanguageConnectionContext.prepareInternalStatement(GenericLanguageConnectionContext.java:1114)
	at org.apache.derby.impl.jdbc.EmbedStatement.execute(EmbedStatement.java:683)
	... 9 more
============= end nested exception, level (1) ===========
============= begin nested exception, level (2) ===========
java.lang.ClassNotFoundException: org.apache.derbyTesting.functionTests.tests.lang.MergeStatementTest : junit/framework/TestCase
	at org.apache.derby.impl.services.reflect.DatabaseClasses.loadApplicationClass(DatabaseClasses.java:254)
	at org.apache.derby.iapi.services.loader.ClassInspector.getClass(ClassInspector.java:935)
	at org.apache.derby.iapi.services.loader.ClassInspector.accessible(ClassInspector.java:131)
	at org.apache.derby.impl.sql.compile.QueryTreeNode.verifyClassExist(QueryTreeNode.java:1217)
	at org.apache.derby.impl.sql.compile.StaticMethodCallNode.bindExpressionMinion(StaticMethodCallNode.java:384)
	at org.apache.derby.impl.sql.compile.StaticMethodCallNode.bindExpression(StaticMethodCallNode.java:209)
	at org.apache.derby.impl.sql.compile.JavaToSQLValueNode.bindExpression(JavaToSQLValueNode.java:229)
	at org.apache.derby.impl.sql.compile.SQLToJavaValueNode.bindExpression(SQLToJavaValueNode.java:189)
	at org.apache.derby.impl.sql.compile.MethodCallNode.bindParameters(MethodCallNode.java:314)
	at org.apache.derby.impl.sql.compile.StaticMethodCallNode.bindExpressionMinion(StaticMethodCallNode.java:221)
	at org.apache.derby.impl.sql.compile.StaticMethodCallNode.bindExpression(StaticMethodCallNode.java:209)
	at org.apache.derby.impl.sql.compile.JavaToSQLValueNode.bindExpression(JavaToSQLValueNode.java:229)
	at org.apache.derby.impl.sql.compile.ResultColumn.bindExpression(ResultColumn.java:740)
	at org.apache.derby.impl.sql.compile.ResultColumnList.bindExpressions(ResultColumnList.java:824)
	at org.apache.derby.impl.sql.compile.RowResultSetNode.bindExpressions(RowResultSetNode.java:227)
	at org.apache.derby.impl.sql.compile.DMLStatementNode.bindExpressions(DMLStatementNode.java:209)
	at org.apache.derby.impl.sql.compile.DMLStatementNode.bind(DMLStatementNode.java:130)
	at org.apache.derby.impl.sql.compile.CursorNode.bindStatement(CursorNode.java:283)
	at org.apache.derby.impl.sql.GenericStatement.prepMinion(GenericStatement.java:401)
	at org.apache.derby.impl.sql.GenericStatement.prepare(GenericStatement.java:99)
	at org.apache.derby.impl.sql.conn.GenericLanguageConnectionContext.prepareInternalStatement(GenericLanguageConnectionContext.java:1114)
	at org.apache.derby.impl.jdbc.EmbedStatement.execute(EmbedStatement.java:683)
	at org.apache.derby.impl.jdbc.EmbedStatement.execute(EmbedStatement.java:631)
	at org.apache.derby.impl.tools.ij.ij.executeImmediate(ij.java:367)
	at org.apache.derby.impl.tools.ij.utilMain.doCatch(utilMain.java:529)
	at org.apache.derby.impl.tools.ij.utilMain.runScriptGuts(utilMain.java:371)
	at org.apache.derby.impl.tools.ij.utilMain.go(utilMain.java:247)
	at org.apache.derby.impl.tools.ij.Main.go(Main.java:229)
	at org.apache.derby.impl.tools.ij.Main.mainCore(Main.java:184)
	at org.apache.derby.impl.tools.ij.Main.main(Main.java:75)
	at org.apache.derby.tools.ij.main(ij.java:59)
============= end nested exception, level (2) ===========
